<?xml version="1.0" encoding="utf-8"?><testsuites name="pytest tests"><testsuite name="pytest" errors="0" failures="0" skipped="0" tests="28" time="13.662" timestamp="2026-09-05T21:27:03.488005+00:00" hostname="agent-env-ff8e97b7-f076-46c0-b6cb-302cdc5988e7"><testcase classname="tests.backend_test" name="test_login_invalid" time="0.352" /><testcase classname="tests.backend_test" name="test_sites_requires_auth" time="0.107" /><testcase classname="tests.backend_test" name="test_me" time="0.485" /><testcase classname="tests.backend_test" name="test_list_sites_and_demo_exists" time="0.126" /><testcase classname="tests.backend_test" name="test_public_resolve_demo" time="0.129" /><testcase classname="tests.backend_test" name="test_public_resolve_unknown" time="0.121" /><testcase classname="tests.backend_test" name="test_public_sites_list" time="0.156" /><testcase classname="tests.backend_test" name="test_full_site_lifecycle" time="2.005" /><testcase classname="tests.backend_test" name="test_duplicate_slug" time="0.122" /><testcase classname="tests.backend_test" name="test_upload_requires_auth" time="0.100" /><testcase classname="tests.backend_test" name="test_upload_and_serve" time="0.273" /><testcase classname="tests.backend_test" name="test_upload_rejects_non_image" time="0.108" /><testcase classname="tests.backend_test" name="test_duplicate_site" time="1.080" /><testcase classname="tests.backend_test" name="test_duplicate_requires_auth" time="0.102" /><testcase classname="tests.backend_test" name="test_duplicate_not_found" time="0.098" /><testcase classname="tests.backend_test" name="test_domain_normalize_save_and_resolve_variants" time="1.856" /><testcase classname="tests.backend_test" name="test_show_header_footer_defaults_true" time="0.122" /><testcase classname="tests.backend_test" name="test_calm_background_asset_reachable[calm-dark.jpg]" time="0.236" /><testcase classname="tests.backend_test" name="test_calm_background_asset_reachable[calm-felt.jpg]" time="0.216" /><testcase classname="tests.backend_test" name="test_calm_background_asset_reachable[calm-suits.jpg]" time="0.201" /><testcase classname="tests.backend_test" name="test_old_flashy_backgrounds_removed" time="0.732" /><testcase classname="tests.backend_test" name="test_bg_overlay_persist_and_public" time="0.512" /><testcase classname="tests.backend_test" name="test_new_site_defaults_calm_bg_and_style" time="0.356" /><testcase classname="tests.backend_test" name="test_page_title_and_style_persist_and_public_resolve" time="0.653" /><testcase classname="tests.backend_test" name="test_card_border_override_persists_and_public" time="0.941" /><testcase classname="tests.backend_test" name="test_site_defaults_new_fields" time="0.332" /><testcase classname="tests.backend_test" name="test_site_animation_and_custom_size_persist_public" time="0.634" /><testcase classname="tests.backend_test" name="test_card_badge_and_animation_persist_public" time="0.987" /></testsuite></testsuites>