<?xml version="1.0" encoding="utf-8"?><testsuites name="pytest tests"><testsuite name="pytest" errors="0" failures="0" skipped="0" tests="9" time="4.159" timestamp="2026-09-05T08:50:40.196316+00:00" hostname="agent-env-ff8e97b7-f076-46c0-b6cb-302cdc5988e7"><testcase classname="tests.backend_test" name="test_login_invalid" time="0.443" /><testcase classname="tests.backend_test" name="test_sites_requires_auth" time="0.136" /><testcase classname="tests.backend_test" name="test_me" time="0.457" /><testcase classname="tests.backend_test" name="test_list_sites_and_demo_exists" time="0.117" /><testcase classname="tests.backend_test" name="test_public_resolve_demo" time="0.105" /><testcase classname="tests.backend_test" name="test_public_resolve_unknown" time="0.110" /><testcase classname="tests.backend_test" name="test_public_sites_list" time="0.139" /><testcase classname="tests.backend_test" name="test_full_site_lifecycle" time="2.026" /><testcase classname="tests.backend_test" name="test_duplicate_slug" time="0.099" /></testsuite></testsuites>