<?xml version="1.0" encoding="utf-8"?><testsuites name="pytest tests"><testsuite name="pytest" errors="0" failures="0" skipped="0" tests="15" time="6.362" timestamp="2026-09-05T09:05:58.192310+00:00" hostname="agent-env-ff8e97b7-f076-46c0-b6cb-302cdc5988e7"><testcase classname="tests.backend_test" name="test_login_invalid" time="0.405" /><testcase classname="tests.backend_test" name="test_sites_requires_auth" time="0.119" /><testcase classname="tests.backend_test" name="test_me" time="0.478" /><testcase classname="tests.backend_test" name="test_list_sites_and_demo_exists" time="0.104" /><testcase classname="tests.backend_test" name="test_public_resolve_demo" time="0.142" /><testcase classname="tests.backend_test" name="test_public_resolve_unknown" time="0.103" /><testcase classname="tests.backend_test" name="test_public_sites_list" time="0.136" /><testcase classname="tests.backend_test" name="test_full_site_lifecycle" time="1.982" /><testcase classname="tests.backend_test" name="test_duplicate_slug" time="0.100" /><testcase classname="tests.backend_test" name="test_upload_requires_auth" time="0.113" /><testcase classname="tests.backend_test" name="test_upload_and_serve" time="0.578" /><testcase classname="tests.backend_test" name="test_upload_rejects_non_image" time="0.095" /><testcase classname="tests.backend_test" name="test_duplicate_site" time="1.089" /><testcase classname="tests.backend_test" name="test_duplicate_requires_auth" time="0.117" /><testcase classname="tests.backend_test" name="test_duplicate_not_found" time="0.152" /></testsuite></testsuites>